<?xml version="1.0" encoding="UTF-8"?>
<testng-results ignored="0" total="1" passed="1" failed="0" skipped="0">
  <reporter-output>
  </reporter-output>
  <suite started-at="2024-12-30T12:42:44 IST" name="Default suite" finished-at="2024-12-30T12:43:14 IST" duration-ms="29670">
    <groups>
    </groups>
    <test started-at="2024-12-30T12:42:44 IST" name="Default test" finished-at="2024-12-30T12:43:14 IST" duration-ms="29670">
      <class name="com.browserstack.tests.WebScraperTestRemote">
        <test-method is-config="true" signature="setup()[pri:0, instance:com.browserstack.tests.WebScraperTestRemote@1817f1eb]" started-at="2024-12-30T12:42:44 IST" name="setup" finished-at="2024-12-30T12:42:50 IST" duration-ms="5705" status="PASS">
          <reporter-output>
          </reporter-output>
        </test-method> <!-- setup -->
        <test-method signature="testScrapeArticles()[pri:0, instance:com.browserstack.tests.WebScraperTestRemote@1817f1eb]" started-at="2024-12-30T12:42:50 IST" name="testScrapeArticles" finished-at="2024-12-30T12:43:13 IST" duration-ms="22625" status="PASS">
          <reporter-output>
          </reporter-output>
        </test-method> <!-- testScrapeArticles -->
        <test-method is-config="true" signature="teardown()[pri:0, instance:com.browserstack.tests.WebScraperTestRemote@1817f1eb]" started-at="2024-12-30T12:43:13 IST" name="teardown" finished-at="2024-12-30T12:43:14 IST" duration-ms="1305" status="PASS">
          <reporter-output>
          </reporter-output>
        </test-method> <!-- teardown -->
      </class> <!-- com.browserstack.tests.WebScraperTestRemote -->
    </test> <!-- Default test -->
  </suite> <!-- Default suite -->
</testng-results>
